CRITICAL - 2024-10-31 00:42:00 --> Error: Class "app\Models\ProdukModel" not found
[Method: GET, Route: produk/tampil]
in APPPATH\Controllers\Produk.php on line 57.
 1 SYSTEMPATH\CodeIgniter.php(933): App\Controllers\Produk->tampil_produk()
 2 SYSTEMPATH\CodeIgniter.php(509): CodeIgniter\CodeIgniter->runController(Object(App\Controllers\Produk))
 3 SYSTEMPATH\CodeIgniter.php(355): CodeIgniter\CodeIgniter->handleRequest(null, Object(Config\Cache), false)
 4 SYSTEMPATH\Boot.php(325): CodeIgniter\CodeIgniter->run()
 5 SYSTEMPATH\Boot.php(67): CodeIgniter\Boot::runCodeIgniter(Object(CodeIgniter\CodeIgniter))
 6 FCPATH\index.php(56): CodeIgniter\Boot::bootWeb(Object(Config\Paths))
 7 SYSTEMPATH\rewrite.php(44): require_once('C:\\web_pl1\\ci4kasir\\public\\index.php')
CRITICAL - 2024-10-31 00:42:35 --> Error: Class "app\Models\ProdukModel" not found
[Method: GET, Route: produk/tampil]
in APPPATH\Controllers\Produk.php on line 57.
 1 SYSTEMPATH\CodeIgniter.php(933): App\Controllers\Produk->tampil_produk()
 2 SYSTEMPATH\CodeIgniter.php(509): CodeIgniter\CodeIgniter->runController(Object(App\Controllers\Produk))
 3 SYSTEMPATH\CodeIgniter.php(355): CodeIgniter\CodeIgniter->handleRequest(null, Object(Config\Cache), false)
 4 SYSTEMPATH\Boot.php(325): CodeIgniter\CodeIgniter->run()
 5 SYSTEMPATH\Boot.php(67): CodeIgniter\Boot::runCodeIgniter(Object(CodeIgniter\CodeIgniter))
 6 FCPATH\index.php(56): CodeIgniter\Boot::bootWeb(Object(Config\Paths))
 7 SYSTEMPATH\rewrite.php(44): require_once('C:\\web_pl1\\ci4kasir\\public\\index.php')
CRITICAL - 2024-10-31 00:42:36 --> Error: Class "app\Models\ProdukModel" not found
[Method: GET, Route: produk/tampil]
in APPPATH\Controllers\Produk.php on line 57.
 1 SYSTEMPATH\CodeIgniter.php(933): App\Controllers\Produk->tampil_produk()
 2 SYSTEMPATH\CodeIgniter.php(509): CodeIgniter\CodeIgniter->runController(Object(App\Controllers\Produk))
 3 SYSTEMPATH\CodeIgniter.php(355): CodeIgniter\CodeIgniter->handleRequest(null, Object(Config\Cache), false)
 4 SYSTEMPATH\Boot.php(325): CodeIgniter\CodeIgniter->run()
 5 SYSTEMPATH\Boot.php(67): CodeIgniter\Boot::runCodeIgniter(Object(CodeIgniter\CodeIgniter))
 6 FCPATH\index.php(56): CodeIgniter\Boot::bootWeb(Object(Config\Paths))
 7 SYSTEMPATH\rewrite.php(44): require_once('C:\\web_pl1\\ci4kasir\\public\\index.php')
CRITICAL - 2024-10-31 00:46:28 --> Error: Class "app\Models\ProdukModel" not found
[Method: GET, Route: produk/tampil]
in APPPATH\Controllers\Produk.php on line 57.
 1 SYSTEMPATH\CodeIgniter.php(933): App\Controllers\Produk->tampil_produk()
 2 SYSTEMPATH\CodeIgniter.php(509): CodeIgniter\CodeIgniter->runController(Object(App\Controllers\Produk))
 3 SYSTEMPATH\CodeIgniter.php(355): CodeIgniter\CodeIgniter->handleRequest(null, Object(Config\Cache), false)
 4 SYSTEMPATH\Boot.php(325): CodeIgniter\CodeIgniter->run()
 5 SYSTEMPATH\Boot.php(67): CodeIgniter\Boot::runCodeIgniter(Object(CodeIgniter\CodeIgniter))
 6 FCPATH\index.php(56): CodeIgniter\Boot::bootWeb(Object(Config\Paths))
 7 SYSTEMPATH\rewrite.php(44): require_once('C:\\web_pl1\\ci4kasir\\public\\index.php')
CRITICAL - 2024-10-31 00:53:22 --> Error: Class "app\Models\ProdukModel" not found
[Method: GET, Route: produk/tampil]
in APPPATH\Controllers\Produk.php on line 57.
 1 SYSTEMPATH\CodeIgniter.php(933): App\Controllers\Produk->tampil_produk()
 2 SYSTEMPATH\CodeIgniter.php(509): CodeIgniter\CodeIgniter->runController(Object(App\Controllers\Produk))
 3 SYSTEMPATH\CodeIgniter.php(355): CodeIgniter\CodeIgniter->handleRequest(null, Object(Config\Cache), false)
 4 SYSTEMPATH\Boot.php(325): CodeIgniter\CodeIgniter->run()
 5 SYSTEMPATH\Boot.php(67): CodeIgniter\Boot::runCodeIgniter(Object(CodeIgniter\CodeIgniter))
 6 FCPATH\index.php(56): CodeIgniter\Boot::bootWeb(Object(Config\Paths))
 7 SYSTEMPATH\rewrite.php(44): require_once('C:\\web_pl1\\ci4kasir\\public\\index.php')
CRITICAL - 2024-10-31 00:53:24 --> Error: Class "app\Models\ProdukModel" not found
[Method: GET, Route: produk/tampil]
in APPPATH\Controllers\Produk.php on line 57.
 1 SYSTEMPATH\CodeIgniter.php(933): App\Controllers\Produk->tampil_produk()
 2 SYSTEMPATH\CodeIgniter.php(509): CodeIgniter\CodeIgniter->runController(Object(App\Controllers\Produk))
 3 SYSTEMPATH\CodeIgniter.php(355): CodeIgniter\CodeIgniter->handleRequest(null, Object(Config\Cache), false)
 4 SYSTEMPATH\Boot.php(325): CodeIgniter\CodeIgniter->run()
 5 SYSTEMPATH\Boot.php(67): CodeIgniter\Boot::runCodeIgniter(Object(CodeIgniter\CodeIgniter))
 6 FCPATH\index.php(56): CodeIgniter\Boot::bootWeb(Object(Config\Paths))
 7 SYSTEMPATH\rewrite.php(44): require_once('C:\\web_pl1\\ci4kasir\\public\\index.php')
CRITICAL - 2024-10-31 00:53:25 --> Error: Class "app\Models\ProdukModel" not found
[Method: GET, Route: produk/tampil]
in APPPATH\Controllers\Produk.php on line 57.
 1 SYSTEMPATH\CodeIgniter.php(933): App\Controllers\Produk->tampil_produk()
 2 SYSTEMPATH\CodeIgniter.php(509): CodeIgniter\CodeIgniter->runController(Object(App\Controllers\Produk))
 3 SYSTEMPATH\CodeIgniter.php(355): CodeIgniter\CodeIgniter->handleRequest(null, Object(Config\Cache), false)
 4 SYSTEMPATH\Boot.php(325): CodeIgniter\CodeIgniter->run()
 5 SYSTEMPATH\Boot.php(67): CodeIgniter\Boot::runCodeIgniter(Object(CodeIgniter\CodeIgniter))
 6 FCPATH\index.php(56): CodeIgniter\Boot::bootWeb(Object(Config\Paths))
 7 SYSTEMPATH\rewrite.php(44): require_once('C:\\web_pl1\\ci4kasir\\public\\index.php')
CRITICAL - 2024-10-31 00:53:25 --> Error: Class "app\Models\ProdukModel" not found
[Method: GET, Route: produk/tampil]
in APPPATH\Controllers\Produk.php on line 57.
 1 SYSTEMPATH\CodeIgniter.php(933): App\Controllers\Produk->tampil_produk()
 2 SYSTEMPATH\CodeIgniter.php(509): CodeIgniter\CodeIgniter->runController(Object(App\Controllers\Produk))
 3 SYSTEMPATH\CodeIgniter.php(355): CodeIgniter\CodeIgniter->handleRequest(null, Object(Config\Cache), false)
 4 SYSTEMPATH\Boot.php(325): CodeIgniter\CodeIgniter->run()
 5 SYSTEMPATH\Boot.php(67): CodeIgniter\Boot::runCodeIgniter(Object(CodeIgniter\CodeIgniter))
 6 FCPATH\index.php(56): CodeIgniter\Boot::bootWeb(Object(Config\Paths))
 7 SYSTEMPATH\rewrite.php(44): require_once('C:\\web_pl1\\ci4kasir\\public\\index.php')
CRITICAL - 2024-10-31 00:53:26 --> Error: Class "app\Models\ProdukModel" not found
[Method: GET, Route: produk/tampil]
in APPPATH\Controllers\Produk.php on line 57.
 1 SYSTEMPATH\CodeIgniter.php(933): App\Controllers\Produk->tampil_produk()
 2 SYSTEMPATH\CodeIgniter.php(509): CodeIgniter\CodeIgniter->runController(Object(App\Controllers\Produk))
 3 SYSTEMPATH\CodeIgniter.php(355): CodeIgniter\CodeIgniter->handleRequest(null, Object(Config\Cache), false)
 4 SYSTEMPATH\Boot.php(325): CodeIgniter\CodeIgniter->run()
 5 SYSTEMPATH\Boot.php(67): CodeIgniter\Boot::runCodeIgniter(Object(CodeIgniter\CodeIgniter))
 6 FCPATH\index.php(56): CodeIgniter\Boot::bootWeb(Object(Config\Paths))
 7 SYSTEMPATH\rewrite.php(44): require_once('C:\\web_pl1\\ci4kasir\\public\\index.php')
CRITICAL - 2024-10-31 00:53:26 --> Error: Class "app\Models\ProdukModel" not found
[Method: GET, Route: produk/tampil]
in APPPATH\Controllers\Produk.php on line 57.
 1 SYSTEMPATH\CodeIgniter.php(933): App\Controllers\Produk->tampil_produk()
 2 SYSTEMPATH\CodeIgniter.php(509): CodeIgniter\CodeIgniter->runController(Object(App\Controllers\Produk))
 3 SYSTEMPATH\CodeIgniter.php(355): CodeIgniter\CodeIgniter->handleRequest(null, Object(Config\Cache), false)
 4 SYSTEMPATH\Boot.php(325): CodeIgniter\CodeIgniter->run()
 5 SYSTEMPATH\Boot.php(67): CodeIgniter\Boot::runCodeIgniter(Object(CodeIgniter\CodeIgniter))
 6 FCPATH\index.php(56): CodeIgniter\Boot::bootWeb(Object(Config\Paths))
 7 SYSTEMPATH\rewrite.php(44): require_once('C:\\web_pl1\\ci4kasir\\public\\index.php')
CRITICAL - 2024-10-31 00:53:26 --> Error: Class "app\Models\ProdukModel" not found
[Method: GET, Route: produk/tampil]
in APPPATH\Controllers\Produk.php on line 57.
 1 SYSTEMPATH\CodeIgniter.php(933): App\Controllers\Produk->tampil_produk()
 2 SYSTEMPATH\CodeIgniter.php(509): CodeIgniter\CodeIgniter->runController(Object(App\Controllers\Produk))
 3 SYSTEMPATH\CodeIgniter.php(355): CodeIgniter\CodeIgniter->handleRequest(null, Object(Config\Cache), false)
 4 SYSTEMPATH\Boot.php(325): CodeIgniter\CodeIgniter->run()
 5 SYSTEMPATH\Boot.php(67): CodeIgniter\Boot::runCodeIgniter(Object(CodeIgniter\CodeIgniter))
 6 FCPATH\index.php(56): CodeIgniter\Boot::bootWeb(Object(Config\Paths))
 7 SYSTEMPATH\rewrite.php(44): require_once('C:\\web_pl1\\ci4kasir\\public\\index.php')
CRITICAL - 2024-10-31 00:53:27 --> Error: Class "app\Models\ProdukModel" not found
[Method: GET, Route: produk/tampil]
in APPPATH\Controllers\Produk.php on line 57.
 1 SYSTEMPATH\CodeIgniter.php(933): App\Controllers\Produk->tampil_produk()
 2 SYSTEMPATH\CodeIgniter.php(509): CodeIgniter\CodeIgniter->runController(Object(App\Controllers\Produk))
 3 SYSTEMPATH\CodeIgniter.php(355): CodeIgniter\CodeIgniter->handleRequest(null, Object(Config\Cache), false)
 4 SYSTEMPATH\Boot.php(325): CodeIgniter\CodeIgniter->run()
 5 SYSTEMPATH\Boot.php(67): CodeIgniter\Boot::runCodeIgniter(Object(CodeIgniter\CodeIgniter))
 6 FCPATH\index.php(56): CodeIgniter\Boot::bootWeb(Object(Config\Paths))
 7 SYSTEMPATH\rewrite.php(44): require_once('C:\\web_pl1\\ci4kasir\\public\\index.php')
CRITICAL - 2024-10-31 00:53:27 --> Error: Class "app\Models\ProdukModel" not found
[Method: GET, Route: produk/tampil]
in APPPATH\Controllers\Produk.php on line 57.
 1 SYSTEMPATH\CodeIgniter.php(933): App\Controllers\Produk->tampil_produk()
 2 SYSTEMPATH\CodeIgniter.php(509): CodeIgniter\CodeIgniter->runController(Object(App\Controllers\Produk))
 3 SYSTEMPATH\CodeIgniter.php(355): CodeIgniter\CodeIgniter->handleRequest(null, Object(Config\Cache), false)
 4 SYSTEMPATH\Boot.php(325): CodeIgniter\CodeIgniter->run()
 5 SYSTEMPATH\Boot.php(67): CodeIgniter\Boot::runCodeIgniter(Object(CodeIgniter\CodeIgniter))
 6 FCPATH\index.php(56): CodeIgniter\Boot::bootWeb(Object(Config\Paths))
 7 SYSTEMPATH\rewrite.php(44): require_once('C:\\web_pl1\\ci4kasir\\public\\index.php')
CRITICAL - 2024-10-31 00:53:28 --> Error: Class "app\Models\ProdukModel" not found
[Method: GET, Route: produk/tampil]
in APPPATH\Controllers\Produk.php on line 57.
 1 SYSTEMPATH\CodeIgniter.php(933): App\Controllers\Produk->tampil_produk()
 2 SYSTEMPATH\CodeIgniter.php(509): CodeIgniter\CodeIgniter->runController(Object(App\Controllers\Produk))
 3 SYSTEMPATH\CodeIgniter.php(355): CodeIgniter\CodeIgniter->handleRequest(null, Object(Config\Cache), false)
 4 SYSTEMPATH\Boot.php(325): CodeIgniter\CodeIgniter->run()
 5 SYSTEMPATH\Boot.php(67): CodeIgniter\Boot::runCodeIgniter(Object(CodeIgniter\CodeIgniter))
 6 FCPATH\index.php(56): CodeIgniter\Boot::bootWeb(Object(Config\Paths))
 7 SYSTEMPATH\rewrite.php(44): require_once('C:\\web_pl1\\ci4kasir\\public\\index.php')
CRITICAL - 2024-10-31 00:53:28 --> Error: Class "app\Models\ProdukModel" not found
[Method: GET, Route: produk/tampil]
in APPPATH\Controllers\Produk.php on line 57.
 1 SYSTEMPATH\CodeIgniter.php(933): App\Controllers\Produk->tampil_produk()
 2 SYSTEMPATH\CodeIgniter.php(509): CodeIgniter\CodeIgniter->runController(Object(App\Controllers\Produk))
 3 SYSTEMPATH\CodeIgniter.php(355): CodeIgniter\CodeIgniter->handleRequest(null, Object(Config\Cache), false)
 4 SYSTEMPATH\Boot.php(325): CodeIgniter\CodeIgniter->run()
 5 SYSTEMPATH\Boot.php(67): CodeIgniter\Boot::runCodeIgniter(Object(CodeIgniter\CodeIgniter))
 6 FCPATH\index.php(56): CodeIgniter\Boot::bootWeb(Object(Config\Paths))
 7 SYSTEMPATH\rewrite.php(44): require_once('C:\\web_pl1\\ci4kasir\\public\\index.php')
CRITICAL - 2024-10-31 01:04:11 --> Error: Class "app\Models\ProdukModel" not found
[Method: GET, Route: produk/tampil]
in APPPATH\Controllers\Produk.php on line 57.
 1 SYSTEMPATH\CodeIgniter.php(933): App\Controllers\Produk->tampil_produk()
 2 SYSTEMPATH\CodeIgniter.php(509): CodeIgniter\CodeIgniter->runController(Object(App\Controllers\Produk))
 3 SYSTEMPATH\CodeIgniter.php(355): CodeIgniter\CodeIgniter->handleRequest(null, Object(Config\Cache), false)
 4 SYSTEMPATH\Boot.php(325): CodeIgniter\CodeIgniter->run()
 5 SYSTEMPATH\Boot.php(67): CodeIgniter\Boot::runCodeIgniter(Object(CodeIgniter\CodeIgniter))
 6 FCPATH\index.php(56): CodeIgniter\Boot::bootWeb(Object(Config\Paths))
 7 SYSTEMPATH\rewrite.php(44): require_once('C:\\web_pl1\\ci4kasir\\public\\index.php')
CRITICAL - 2024-10-31 01:05:20 --> CodeIgniter\Validation\Exceptions\ValidationException: "requred" is not a valid rule.
[Method: POST, Route: produk/simpan]
in SYSTEMPATH\Validation\Validation.php on line 348.
 1 SYSTEMPATH\Validation\Validation.php(348): CodeIgniter\Validation\Exceptions\ValidationException::forRuleNotFound('requred')
 2 SYSTEMPATH\Validation\Validation.php(204): CodeIgniter\Validation\Validation->processRules('harga', 'harga', '10000', [...], [...], 'harga')
 3 APPPATH\Controllers\Produk.php(33): CodeIgniter\Validation\Validation->run()
 4 SYSTEMPATH\CodeIgniter.php(933): App\Controllers\Produk->simpan_produk()
 5 SYSTEMPATH\CodeIgniter.php(509): CodeIgniter\CodeIgniter->runController(Object(App\Controllers\Produk))
 6 SYSTEMPATH\CodeIgniter.php(355): CodeIgniter\CodeIgniter->handleRequest(null, Object(Config\Cache), false)
 7 SYSTEMPATH\Boot.php(325): CodeIgniter\CodeIgniter->run()
 8 SYSTEMPATH\Boot.php(67): CodeIgniter\Boot::runCodeIgniter(Object(CodeIgniter\CodeIgniter))
 9 FCPATH\index.php(56): CodeIgniter\Boot::bootWeb(Object(Config\Paths))
10 SYSTEMPATH\rewrite.php(44): require_once('C:\\web_pl1\\ci4kasir\\public\\index.php')
