ERROR - 2024-11-20 00:05:12 --> mysqli_sql_exception: Table 'tb_produk' already exists in C:\web_pl1\ci4kasir\vendor\codeigniter4\framework\system\Database\MySQLi\Connection.php:312
Stack trace:
#0 C:\web_pl1\ci4kasir\vendor\codeigniter4\framework\system\Database\MySQLi\Connection.php(312): mysqli->query('CREATE TABLE `t...', 0)
#1 C:\web_pl1\ci4kasir\vendor\codeigniter4\framework\system\Database\BaseConnection.php(734): CodeIgniter\Database\MySQLi\Connection->execute('CREATE TABLE `t...')
#2 C:\web_pl1\ci4kasir\vendor\codeigniter4\framework\system\Database\BaseConnection.php(648): CodeIgniter\Database\BaseConnection->simpleQuery('CREATE TABLE `t...')
#3 C:\web_pl1\ci4kasir\vendor\codeigniter4\framework\system\Database\Forge.php(570): CodeIgniter\Database\BaseConnection->query('CREATE TABLE `t...')
#4 C:\web_pl1\ci4kasir\app\Database\Migrations\2024-10-16-002940_TbProduk.php(34): CodeIgniter\Database\Forge->createTable('tb_produk')
#5 C:\web_pl1\ci4kasir\vendor\codeigniter4\framework\system\Database\MigrationRunner.php(867): App\Database\Migrations\TbProduk->up()
#6 C:\web_pl1\ci4kasir\vendor\codeigniter4\framework\system\Database\MigrationRunner.php(183): CodeIgniter\Database\MigrationRunner->migrate('up', Object(stdClass))
#7 C:\web_pl1\ci4kasir\vendor\codeigniter4\framework\system\Commands\Database\Migrate.php(85): CodeIgniter\Database\MigrationRunner->latest(NULL)
#8 C:\web_pl1\ci4kasir\vendor\codeigniter4\framework\system\CLI\Commands.php(70): CodeIgniter\Commands\Database\Migrate->run(Array)
#9 C:\web_pl1\ci4kasir\vendor\codeigniter4\framework\system\CLI\Console.php(48): CodeIgniter\CLI\Commands->run('migrate', Array)
#10 C:\web_pl1\ci4kasir\vendor\codeigniter4\framework\system\Boot.php(351): CodeIgniter\CLI\Console->run()
#11 C:\web_pl1\ci4kasir\vendor\codeigniter4\framework\system\Boot.php(104): CodeIgniter\Boot::runCommand(Object(CodeIgniter\CLI\Console))
#12 C:\web_pl1\ci4kasir\spark(84): CodeIgniter\Boot::bootSpark(Object(Config\Paths))
#13 {main}
ERROR - 2024-11-20 00:06:05 --> mysqli_sql_exception: Table 'tb_produk' already exists in C:\web_pl1\ci4kasir\vendor\codeigniter4\framework\system\Database\MySQLi\Connection.php:312
Stack trace:
#0 C:\web_pl1\ci4kasir\vendor\codeigniter4\framework\system\Database\MySQLi\Connection.php(312): mysqli->query('CREATE TABLE `t...', 0)
#1 C:\web_pl1\ci4kasir\vendor\codeigniter4\framework\system\Database\BaseConnection.php(734): CodeIgniter\Database\MySQLi\Connection->execute('CREATE TABLE `t...')
#2 C:\web_pl1\ci4kasir\vendor\codeigniter4\framework\system\Database\BaseConnection.php(648): CodeIgniter\Database\BaseConnection->simpleQuery('CREATE TABLE `t...')
#3 C:\web_pl1\ci4kasir\vendor\codeigniter4\framework\system\Database\Forge.php(570): CodeIgniter\Database\BaseConnection->query('CREATE TABLE `t...')
#4 C:\web_pl1\ci4kasir\app\Database\Migrations\2024-10-16-002940_TbProduk.php(34): CodeIgniter\Database\Forge->createTable('tb_produk')
#5 C:\web_pl1\ci4kasir\vendor\codeigniter4\framework\system\Database\MigrationRunner.php(867): App\Database\Migrations\TbProduk->up()
#6 C:\web_pl1\ci4kasir\vendor\codeigniter4\framework\system\Database\MigrationRunner.php(183): CodeIgniter\Database\MigrationRunner->migrate('up', Object(stdClass))
#7 C:\web_pl1\ci4kasir\vendor\codeigniter4\framework\system\Commands\Database\Migrate.php(85): CodeIgniter\Database\MigrationRunner->latest(NULL)
#8 C:\web_pl1\ci4kasir\vendor\codeigniter4\framework\system\CLI\Commands.php(70): CodeIgniter\Commands\Database\Migrate->run(Array)
#9 C:\web_pl1\ci4kasir\vendor\codeigniter4\framework\system\CLI\Console.php(48): CodeIgniter\CLI\Commands->run('migrate', Array)
#10 C:\web_pl1\ci4kasir\vendor\codeigniter4\framework\system\Boot.php(351): CodeIgniter\CLI\Console->run()
#11 C:\web_pl1\ci4kasir\vendor\codeigniter4\framework\system\Boot.php(104): CodeIgniter\Boot::runCommand(Object(CodeIgniter\CLI\Console))
#12 C:\web_pl1\ci4kasir\spark(84): CodeIgniter\Boot::bootSpark(Object(Config\Paths))
#13 {main}
CRITICAL - 2024-11-20 01:07:54 --> BadMethodCallException: Call to undefined method App\Models\ModelPelanggan::getPelanggan
[Method: GET, Route: pelanggan/tampil]
in SYSTEMPATH\Model.php on line 932.
 1 APPPATH\Controllers\ControlPelanggan.php(18): CodeIgniter\Model->__call('getPelanggan', [])
 2 SYSTEMPATH\CodeIgniter.php(933): App\Controllers\ControlPelanggan->getpelanggan()
 3 SYSTEMPATH\CodeIgniter.php(509): CodeIgniter\CodeIgniter->runController(Object(App\Controllers\ControlPelanggan))
 4 SYSTEMPATH\CodeIgniter.php(355): CodeIgniter\CodeIgniter->handleRequest(null, Object(Config\Cache), false)
 5 SYSTEMPATH\Boot.php(325): CodeIgniter\CodeIgniter->run()
 6 SYSTEMPATH\Boot.php(67): CodeIgniter\Boot::runCodeIgniter(Object(CodeIgniter\CodeIgniter))
 7 FCPATH\index.php(56): CodeIgniter\Boot::bootWeb(Object(Config\Paths))
 8 SYSTEMPATH\rewrite.php(44): require_once('C:\\web_pl1\\ci4kasir\\public\\index.php')
CRITICAL - 2024-11-20 01:21:26 --> BadMethodCallException: Call to undefined method App\Models\ModelPelanggan::getPelanggan
[Method: GET, Route: pelanggan/tampil]
in SYSTEMPATH\Model.php on line 932.
 1 APPPATH\Controllers\ControlPelanggan.php(18): CodeIgniter\Model->__call('getPelanggan', [])
 2 SYSTEMPATH\CodeIgniter.php(933): App\Controllers\ControlPelanggan->getpelanggan()
 3 SYSTEMPATH\CodeIgniter.php(509): CodeIgniter\CodeIgniter->runController(Object(App\Controllers\ControlPelanggan))
 4 SYSTEMPATH\CodeIgniter.php(355): CodeIgniter\CodeIgniter->handleRequest(null, Object(Config\Cache), false)
 5 SYSTEMPATH\Boot.php(325): CodeIgniter\CodeIgniter->run()
 6 SYSTEMPATH\Boot.php(67): CodeIgniter\Boot::runCodeIgniter(Object(CodeIgniter\CodeIgniter))
 7 FCPATH\index.php(56): CodeIgniter\Boot::bootWeb(Object(Config\Paths))
 8 SYSTEMPATH\rewrite.php(44): require_once('C:\\web_pl1\\ci4kasir\\public\\index.php')
